<?xml version="1.0" encoding="UTF-8"?>
<!-- Generated by org.testng.reporters.JUnitXMLReporter -->
<testsuite ignored="4" hostname="DESKTOP-U6C60FD" failures="0" tests="1" name="Test" time="0.058" errors="0" timestamp="2024-06-05T16:48:11 IST">
  <testcase classname="TestngPackage.NewTest" name="test2" time="0.007"/>
  <testcase classname="TestngPackage.NewTest" name="test3" time="0.0">
    <ignored/>
  </testcase> <!-- test3 -->
  <testcase classname="TestngPackage.NewTest" name="test4" time="0.0">
    <ignored/>
  </testcase> <!-- test4 -->
  <testcase classname="TestngPackage.NewTest" name="test1" time="0.0">
    <ignored/>
  </testcase> <!-- test1 -->
  <testcase classname="TestngPackage.NewTest" name="test5" time="0.0">
    <ignored/>
  </testcase> <!-- test5 -->
</testsuite> <!-- Test -->
